<?xml version="1.0" encoding="UTF-8"?>
<!-- Generated by org.testng.reporters.JUnitReportReporter -->
<testsuite hostname="Swatis-MacBook-Air.local" failures="0" tests="4" name="PetStore.PetStore.TestPetStoreUsingSpecBuilder" time="8.700" errors="0" timestamp="2024-07-27T10:13:28 IST" skipped="0">
  <testcase classname="PetStore.PetStore.TestPetStoreUsingSpecBuilder" name="createNewUser" time="3.566"/>
  <system-out/>
  <testcase classname="PetStore.PetStore.TestPetStoreUsingSpecBuilder" name="getUserDetails" time="1.880"/>
  <system-out/>
  <testcase classname="PetStore.PetStore.TestPetStoreUsingSpecBuilder" name="updateUser" time="1.623"/>
  <system-out/>
  <testcase classname="PetStore.PetStore.TestPetStoreUsingSpecBuilder" name="deleteUser" time="1.631"/>
  <system-out/>
</testsuite> <!-- PetStore.PetStore.TestPetStoreUsingSpecBuilder -->
