<?xml version="1.0" encoding="UTF-8"?>
<!-- Generated by org.testng.reporters.JUnitReportReporter -->
<testsuite hostname="Swatis-MacBook-Air.local" failures="0" tests="4" name="PetStore.PetStore.TestPetStoreWithJsonFile" time="8.910" errors="0" timestamp="2024-07-27T09:10:50 IST" skipped="0">
  <testcase classname="PetStore.PetStore.TestPetStoreWithJsonFile" name="createNewUser" time="3.724"/>
  <system-out/>
  <testcase classname="PetStore.PetStore.TestPetStoreWithJsonFile" name="getUserDetails" time="2.342"/>
  <system-out/>
  <testcase classname="PetStore.PetStore.TestPetStoreWithJsonFile" name="updateUser" time="1.454"/>
  <system-out/>
  <testcase classname="PetStore.PetStore.TestPetStoreWithJsonFile" name="deleteUser" time="1.390"/>
  <system-out/>
</testsuite> <!-- PetStore.PetStore.TestPetStoreWithJsonFile -->
