<?xml version="1.0" encoding="UTF-8"?>
<!-- Generated by org.testng.reporters.JUnitReportReporter -->
<testsuite hostname="Swatis-MacBook-Air.local" failures="0" tests="4" name="PetStore.PetStore.PetSotreUsingObjectMapper" time="9.972" errors="0" timestamp="2024-07-27T10:29:22 IST" skipped="0">
  <testcase classname="PetStore.PetStore.PetSotreUsingObjectMapper" name="createNewUser" time="3.904"/>
  <system-out/>
  <testcase classname="PetStore.PetStore.PetSotreUsingObjectMapper" name="getUserDetails" time="2.741"/>
  <system-out/>
  <testcase classname="PetStore.PetStore.PetSotreUsingObjectMapper" name="updateUser" time="1.694"/>
  <system-out/>
  <testcase classname="PetStore.PetStore.PetSotreUsingObjectMapper" name="deleteUser" time="1.633"/>
  <system-out/>
</testsuite> <!-- PetStore.PetStore.PetSotreUsingObjectMapper -->
