<?xml version="1.0" encoding="UTF-8"?>
<!-- Generated by org.testng.reporters.JUnitReportReporter -->
<testsuite hostname="Swatis-MacBook-Air.local" failures="0" tests="4" name="PetStore.PetStore.TestPetStoreUsingPojo" time="8.511" errors="0" timestamp="2024-07-27T09:18:29 IST" skipped="0">
  <testcase classname="PetStore.PetStore.TestPetStoreUsingPojo" name="createNewUser" time="3.865"/>
  <system-out/>
  <testcase classname="PetStore.PetStore.TestPetStoreUsingPojo" name="getUserDetails" time="2.102"/>
  <system-out/>
  <testcase classname="PetStore.PetStore.TestPetStoreUsingPojo" name="updateUser" time="1.296"/>
  <system-out/>
  <testcase classname="PetStore.PetStore.TestPetStoreUsingPojo" name="deleteUser" time="1.248"/>
  <system-out/>
</testsuite> <!-- PetStore.PetStore.TestPetStoreUsingPojo -->
