<?xml version="1.0" encoding="UTF-8"?>
<!-- Generated by org.testng.reporters.JUnitReportReporter -->
<testsuite hostname="Swatis-MacBook-Air.local" failures="0" tests="4" name="PetStore.PetStore.TestPetStore" time="8.397" errors="0" timestamp="2024-07-27T08:40:53 IST" skipped="0">
  <testcase classname="PetStore.PetStore.TestPetStore" name="createNewUser" time="3.585"/>
  <system-out/>
  <testcase classname="PetStore.PetStore.TestPetStore" name="getUserDetails" time="2.192"/>
  <system-out/>
  <testcase classname="PetStore.PetStore.TestPetStore" name="updateUser" time="1.343"/>
  <system-out/>
  <testcase classname="PetStore.PetStore.TestPetStore" name="deleteUser" time="1.277"/>
  <system-out/>
</testsuite> <!-- PetStore.PetStore.TestPetStore -->
